# JRE version: OpenJDK Runtime Environment (8.0_265-b01) (build 1.8.0_265-8u265-b01-0ubuntu2~16.04-b01)
# Java VM: OpenJDK 64-Bit Server VM (25.265-b01 mixed mode linux-amd64 compressed oops)
Heap:
 def new generation   total 178368K, used 39242K [0x00000000c0000000, 0x00000000cc180000, 0x00000000d5550000)
  eden space 158592K,  24% used [0x00000000c0000000, 0x00000000c2652a20, 0x00000000c9ae0000)
  from space 19776K,   0% used [0x00000000c9ae0000, 0x00000000c9ae0000, 0x00000000cae30000)
  to   space 19776K,   0% used [0x00000000cae30000, 0x00000000cae30000, 0x00000000cc180000)
 tenured generation   total 396148K, used 110011K [0x00000000d5550000, 0x00000000ed82d000, 0x0000000100000000)
   the space 396148K,  27% used [0x00000000d5550000, 0x00000000dc0bee00, 0x00000000dc0bee00, 0x00000000ed82d000)
 Metaspace       used 83179K, capacity 84034K, committed 84440K, reserved 1122304K
  class space    used 11721K, capacity 11930K, committed 12032K, reserved 1048576K
GC Heap History (10 events):
Event: 2420.350 GC heap before
{Heap before GC invocations=3249 (full 12):
 def new generation   total 92352K, used 17774K [0x00000000c0000000, 0x00000000c6430000, 0x00000000d5550000)
  eden space 82112K,  21% used [0x00000000c0000000, 0x00000000c115b888, 0x00000000c5030000)
  from space 10240K,   0% used [0x00000000c5030000, 0x00000000c5030000, 0x00000000c5a30000)
  to   space 10240K,   0% used [0x00000000c5a30000, 0x00000000c5a30000, 0x00000000c6430000)
 tenured generation   total 205100K, used 123058K [0x00000000d5550000, 0x00000000e1d9b000, 0x0000000100000000)
   the space 205100K,  59% used [0x00000000d5550000, 0x00000000dcd7c800, 0x00000000dcd7c800, 0x00000000e1d9b000)
 Metaspace       used 82503K, capacity 83260K, committed 83800K, reserved 1122304K
  class space    used 11626K, capacity 11789K, committed 11904K, reserved 1048576K
Event: 2420.363 GC heap after
Heap after GC invocations=3250 (full 12):
 def new generation   total 92352K, used 697K [0x00000000c0000000, 0x00000000c6430000, 0x00000000d5550000)
  eden space 82112K,   0% used [0x00000000c0000000, 0x00000000c0000000, 0x00000000c5030000)
  from space 10240K,   6% used [0x00000000c5a30000, 0x00000000c5ade6a8, 0x00000000c6430000)
  to   space 10240K,   0% used [0x00000000c5030000, 0x00000000c5030000, 0x00000000c5a30000)
 tenured generation   total 205100K, used 139442K [0x00000000d5550000, 0x00000000e1d9b000, 0x0000000100000000)
   the space 205100K,  67% used [0x00000000d5550000, 0x00000000ddd7c810, 0x00000000ddd7ca00, 0x00000000e1d9b000)
 Metaspace       used 82503K, capacity 83260K, committed 83800K, reserved 1122304K
  class space    used 11626K, capacity 11789K, committed 11904K, reserved 1048576K
}
Event: 2420.528 GC heap before
{Heap before GC invocations=3250 (full 12):
 def new generation   total 92352K, used 69496K [0x00000000c0000000, 0x00000000c6430000, 0x00000000d5550000)
  eden space 82112K,  83% used [0x00000000c0000000, 0x00000000c432fc20, 0x00000000c5030000)
  from space 10240K,   6% used [0x00000000c5a30000, 0x00000000c5ade6a8, 0x00000000c6430000)
  to   space 10240K,   0% used [0x00000000c5030000, 0x00000000c5030000, 0x00000000c5a30000)
 tenured generation   total 205100K, used 139442K [0x00000000d5550000, 0x00000000e1d9b000, 0x0000000100000000)
   the space 205100K,  67% used [0x00000000d5550000, 0x00000000ddd7c810, 0x00000000ddd7ca00, 0x00000000e1d9b000)
 Metaspace       used 82505K, capacity 83260K, committed 83800K, reserved 1122304K
  class space    used 11626K, capacity 11789K, committed 11904K, reserved 1048576K
Event: 2420.602 GC heap after
Heap after GC invocations=3251 (full 12):
 def new generation   total 92352K, used 2838K [0x00000000c0000000, 0x00000000c6430000, 0x00000000d5550000)
  eden space 82112K,   0% used [0x00000000c0000000, 0x00000000c0000000, 0x00000000c5030000)
  from space 10240K,  27% used [0x00000000c5030000, 0x00000000c52f5848, 0x00000000c5a30000)
  to   space 10240K,   0% used [0x00000000c5a30000, 0x00000000c5a30000, 0x00000000c6430000)
 tenured generation   total 205100K, used 204978K [0x00000000d5550000, 0x00000000e1d9b000, 0x0000000100000000)
   the space 205100K,  99% used [0x00000000d5550000, 0x00000000e1d7c820, 0x00000000e1d7ca00, 0x00000000e1d9b000)
 Metaspace       used 82505K, capacity 83260K, committed 83800K, reserved 1122304K
  class space    used 11626K, capacity 11789K, committed 11904K, reserved 1048576K
}
Event: 2421.001 GC heap before
{Heap before GC invocations=3251 (full 12):
 def new generation   total 92352K, used 84349K [0x00000000c0000000, 0x00000000c6430000, 0x00000000d5550000)
  eden space 82112K,  99% used [0x00000000c0000000, 0x00000000c4f99dc8, 0x00000000c5030000)
  from space 10240K,  27% used [0x00000000c5030000, 0x00000000c52f5848, 0x00000000c5a30000)
  to   space 10240K,   0% used [0x00000000c5a30000, 0x00000000c5a30000, 0x00000000c6430000)
 tenured generation   total 205100K, used 204978K [0x00000000d5550000, 0x00000000e1d9b000, 0x0000000100000000)
   the space 205100K,  99% used [0x00000000d5550000, 0x00000000e1d7c820, 0x00000000e1d7ca00, 0x00000000e1d9b000)
 Metaspace       used 82511K, capacity 83324K, committed 83800K, reserved 1122304K
  class space    used 11626K, capacity 11789K, committed 11904K, reserved 1048576K
Event: 2421.207 GC heap after
Heap after GC invocations=3252 (full 13):
 def new generation   total 178368K, used 0K [0x00000000c0000000, 0x00000000cc180000, 0x00000000d5550000)
  eden space 158592K,   0% used [0x00000000c0000000, 0x00000000c0000000, 0x00000000c9ae0000)
  from space 19776K,   0% used [0x00000000c9ae0000, 0x00000000c9ae0000, 0x00000000cae30000)
  to   space 19776K,   0% used [0x00000000cae30000, 0x00000000cae30000, 0x00000000cc180000)
 tenured generation   total 396148K, used 237687K [0x00000000d5550000, 0x00000000ed82d000, 0x0000000100000000)
   the space 396148K,  59% used [0x00000000d5550000, 0x00000000e3d6dca0, 0x00000000e3d6de00, 0x00000000ed82d000)
 Metaspace       used 82511K, capacity 83324K, committed 83800K, reserved 1122304K
  class space    used 11626K, capacity 11789K, committed 11904K, reserved 1048576K
}
Event: 2421.666 GC heap before
{Heap before GC invocations=3252 (full 13):
 def new generation   total 178368K, used 158592K [0x00000000c0000000, 0x00000000cc180000, 0x00000000d5550000)
  eden space 158592K, 100% used [0x00000000c0000000, 0x00000000c9ae0000, 0x00000000c9ae0000)
  from space 19776K,   0% used [0x00000000c9ae0000, 0x00000000c9ae0000, 0x00000000cae30000)
  to   space 19776K,   0% used [0x00000000cae30000, 0x00000000cae30000, 0x00000000cc180000)
 tenured generation   total 396148K, used 237687K [0x00000000d5550000, 0x00000000ed82d000, 0x0000000100000000)
   the space 396148K,  59% used [0x00000000d5550000, 0x00000000e3d6dca0, 0x00000000e3d6de00, 0x00000000ed82d000)
 Metaspace       used 82516K, capacity 83324K, committed 83800K, reserved 1122304K
  class space    used 11626K, capacity 11789K, committed 11904K, reserved 1048576K
Event: 2421.812 GC heap after
Heap after GC invocations=3253 (full 13):
 def new generation   total 178368K, used 19207K [0x00000000c0000000, 0x00000000cc180000, 0x00000000d5550000)
  eden space 158592K,   0% used [0x00000000c0000000, 0x00000000c0000000, 0x00000000c9ae0000)
  from space 19776K,  97% used [0x00000000cae30000, 0x00000000cc0f1ed8, 0x00000000cc180000)
  to   space 19776K,   0% used [0x00000000c9ae0000, 0x00000000c9ae0000, 0x00000000cae30000)
 tenured generation   total 396148K, used 368759K [0x00000000d5550000, 0x00000000ed82d000, 0x0000000100000000)
   the space 396148K,  93% used [0x00000000d5550000, 0x00000000ebd6dcb0, 0x00000000ebd6de00, 0x00000000ed82d000)
 Metaspace       used 82516K, capacity 83324K, committed 83800K, reserved 1122304K
  class space    used 11626K, capacity 11789K, committed 11904K, reserved 1048576K
}
Event: 2423.215 GC heap before
{Heap before GC invocations=3253 (full 13):
 def new generation   total 178368K, used 177799K [0x00000000c0000000, 0x00000000cc180000, 0x00000000d5550000)
  eden space 158592K, 100% used [0x00000000c0000000, 0x00000000c9ae0000, 0x00000000c9ae0000)
  from space 19776K,  97% used [0x00000000cae30000, 0x00000000cc0f1ed8, 0x00000000cc180000)
  to   space 19776K,   0% used [0x00000000c9ae0000, 0x00000000c9ae0000, 0x00000000cae30000)
 tenured generation   total 396148K, used 368759K [0x00000000d5550000, 0x00000000ed82d000, 0x0000000100000000)
   the space 396148K,  93% used [0x00000000d5550000, 0x00000000ebd6dcb0, 0x00000000ebd6de00, 0x00000000ed82d000)
 Metaspace       used 82612K, capacity 83452K, committed 84056K, reserved 1122304K
  class space    used 11629K, capacity 11789K, committed 11904K, reserved 1048576K
Event: 2423.410 GC heap after
Heap after GC invocations=3254 (full 14):
 def new generation   total 178368K, used 0K [0x00000000c0000000, 0x00000000cc180000, 0x00000000d5550000)
  eden space 158592K,   0% used [0x00000000c0000000, 0x00000000c0000000, 0x00000000c9ae0000)
  from space 19776K,   0% used [0x00000000c9ae0000, 0x00000000c9ae0000, 0x00000000cae30000)
  to   space 19776K,   0% used [0x00000000cae30000, 0x00000000cae30000, 0x00000000cc180000)
 tenured generation   total 396148K, used 110011K [0x00000000d5550000, 0x00000000ed82d000, 0x0000000100000000)
   the space 396148K,  27% used [0x00000000d5550000, 0x00000000dc0bee00, 0x00000000dc0bee00, 0x00000000ed82d000)
 Metaspace       used 82612K, capacity 83452K, committed 84056K, reserved 1122304K
  class space    used 11629K, capacity 11789K, committed 11904K, reserved 1048576K
}

